<?xml version="1.0" encoding="UTF-8"?>
<testsuite xmlns:xsi="http://www.w3.org/2001/XMLSchema-instance" xsi:noNamespaceSchemaLocation="https://maven.apache.org/surefire/maven-surefire-plugin/xsd/surefire-test-report-3.0.xsd" version="3.0" name="pwo.lab13.TextTest" time="0.098" tests="13" errors="0" skipped="0" failures="0">
  <properties>
    <property name="java.specification.version" value="18"/>
    <property name="sun.jnu.encoding" value="UTF-8"/>
    <property name="java.class.path" value="/home/student/Pulpit/pwo/lab13/target/test-classes:/home/student/Pulpit/pwo/lab13/target/classes:/home/student/.m2/repository/org/junit/jupiter/junit-jupiter/5.9.0/junit-jupiter-5.9.0.jar:/home/student/.m2/repository/org/junit/jupiter/junit-jupiter-api/5.6.0/junit-jupiter-api-5.6.0.jar:/home/student/.m2/repository/org/apiguardian/apiguardian-api/1.1.0/apiguardian-api-1.1.0.jar:/home/student/.m2/repository/org/opentest4j/opentest4j/1.2.0/opentest4j-1.2.0.jar:/home/student/.m2/repository/org/junit/platform/junit-platform-commons/1.6.0/junit-platform-commons-1.6.0.jar:/home/student/.m2/repository/org/junit/jupiter/junit-jupiter-params/5.6.0/junit-jupiter-params-5.6.0.jar:/home/student/.m2/repository/org/junit/jupiter/junit-jupiter-engine/5.6.0/junit-jupiter-engine-5.6.0.jar:/home/student/.m2/repository/org/junit/platform/junit-platform-engine/1.6.0/junit-platform-engine-1.6.0.jar:"/>
    <property name="java.vm.vendor" value="Azul Systems, Inc."/>
    <property name="sun.arch.data.model" value="64"/>
    <property name="java.vendor.url" value="http://www.azul.com/"/>
    <property name="os.name" value="Linux"/>
    <property name="java.vm.specification.version" value="18"/>
    <property name="sun.java.launcher" value="SUN_STANDARD"/>
    <property name="user.country" value="PL"/>
    <property name="sun.boot.library.path" value="/tmp/.mount_Apachey1pFjC/usr/lib/jdk/lib"/>
    <property name="sun.java.command" value="/home/student/Pulpit/pwo/lab13/target/surefire/surefirebooter-20221106212431277_3.jar /home/student/Pulpit/pwo/lab13/target/surefire 2022-11-06T21-24-30_850-jvmRun1 surefire-20221106212431277_1tmp surefire_0-20221106212431277_2tmp"/>
    <property name="jdk.debug" value="release"/>
    <property name="surefire.test.class.path" value="/home/student/Pulpit/pwo/lab13/target/test-classes:/home/student/Pulpit/pwo/lab13/target/classes:/home/student/.m2/repository/org/junit/jupiter/junit-jupiter/5.9.0/junit-jupiter-5.9.0.jar:/home/student/.m2/repository/org/junit/jupiter/junit-jupiter-api/5.6.0/junit-jupiter-api-5.6.0.jar:/home/student/.m2/repository/org/apiguardian/apiguardian-api/1.1.0/apiguardian-api-1.1.0.jar:/home/student/.m2/repository/org/opentest4j/opentest4j/1.2.0/opentest4j-1.2.0.jar:/home/student/.m2/repository/org/junit/platform/junit-platform-commons/1.6.0/junit-platform-commons-1.6.0.jar:/home/student/.m2/repository/org/junit/jupiter/junit-jupiter-params/5.6.0/junit-jupiter-params-5.6.0.jar:/home/student/.m2/repository/org/junit/jupiter/junit-jupiter-engine/5.6.0/junit-jupiter-engine-5.6.0.jar:/home/student/.m2/repository/org/junit/platform/junit-platform-engine/1.6.0/junit-platform-engine-1.6.0.jar:"/>
    <property name="sun.cpu.endian" value="little"/>
    <property name="user.home" value="/home/student"/>
    <property name="user.language" value="pl"/>
    <property name="java.specification.vendor" value="Oracle Corporation"/>
    <property name="java.version.date" value="2022-07-19"/>
    <property name="java.home" value="/tmp/.mount_Apachey1pFjC/usr/lib/jdk"/>
    <property name="file.separator" value="/"/>
    <property name="basedir" value="/home/student/Pulpit/pwo/lab13"/>
    <property name="java.vm.compressedOopsMode" value="32-bit"/>
    <property name="line.separator" value="&#10;"/>
    <property name="java.vm.specification.vendor" value="Oracle Corporation"/>
    <property name="java.specification.name" value="Java Platform API Specification"/>
    <property name="surefire.real.class.path" value="/home/student/Pulpit/pwo/lab13/target/surefire/surefirebooter-20221106212431277_3.jar"/>
    <property name="sun.management.compiler" value="HotSpot 64-Bit Tiered Compilers"/>
    <property name="java.runtime.version" value="18.0.2+9"/>
    <property name="user.name" value="student"/>
    <property name="path.separator" value=":"/>
    <property name="os.version" value="5.3.18-lp152.63-default"/>
    <property name="java.runtime.name" value="OpenJDK Runtime Environment"/>
    <property name="file.encoding" value="UTF-8"/>
    <property name="java.vm.name" value="OpenJDK 64-Bit Server VM"/>
    <property name="java.vendor.version" value="Zulu18.32+11-CA"/>
    <property name="maven.ext.class.path" value="/tmp/.mount_Apachey1pFjC/usr/lib/netbeans/java/maven-nblib/netbeans-eventspy.jar"/>
    <property name="localRepository" value="/home/student/.m2/repository"/>
    <property name="java.vendor.url.bug" value="http://www.azul.com/support/"/>
    <property name="java.io.tmpdir" value="/tmp"/>
    <property name="java.version" value="18.0.2"/>
    <property name="user.dir" value="/home/student/Pulpit/pwo/lab13"/>
    <property name="os.arch" value="amd64"/>
    <property name="java.vm.specification.name" value="Java Virtual Machine Specification"/>
    <property name="native.encoding" value="UTF-8"/>
    <property name="java.library.path" value="/usr/lib64/mpi/gcc/openmpi4/lib64:/usr/java/packages/lib:/usr/lib64:/lib64:/lib:/usr/lib"/>
    <property name="java.vm.info" value="mixed mode, sharing"/>
    <property name="java.vendor" value="Azul Systems, Inc."/>
    <property name="java.vm.version" value="18.0.2+9"/>
    <property name="sun.io.unicode.encoding" value="UnicodeLittle"/>
    <property name="java.class.version" value="62.0"/>
  </properties>
  <testcase name="notContainsDigitsTest2(String)[1]" classname="pwo.lab13.TextTest" time="0.015">
    <system-out><![CDATA[(test negatywny) String: t33s4t zawiera cyfry
]]></system-out>
  </testcase>
  <testcase name="notContainsDigitsTest(String)[1]" classname="pwo.lab13.TextTest" time="0.01">
    <system-out><![CDATA[(test pozytywny) String: asdafasd nie zawiera cyfr
]]></system-out>
  </testcase>
  <testcase name="notContainsDigitsTest(String)[2]" classname="pwo.lab13.TextTest" time="0.001">
    <system-out><![CDATA[(test pozytywny) String: bdasdhaW nie zawiera cyfr
]]></system-out>
  </testcase>
  <testcase name="containsOnlyDigitsTest2(String)[1]" classname="pwo.lab13.TextTest" time="0.001">
    <system-out><![CDATA[(test negatywny) String: 444a555b666c nie zawiera wyłącznie cyfr
]]></system-out>
  </testcase>
  <testcase name="numberOfDigitsTest(String)[1]" classname="pwo.lab13.TextTest" time="0.004">
    <system-out><![CDATA[(test pozytywny) Liczba cyfr w: t33s4t=3
]]></system-out>
  </testcase>
  <testcase name="containsOnlyDigitsTest(String)[1]" classname="pwo.lab13.TextTest" time="0.004">
    <system-out><![CDATA[(test pozytywny) String: 444555666 zawiera wyłącznie cyfry
]]></system-out>
  </testcase>
  <testcase name="cont5DigTest1(String)[1]" classname="pwo.lab13.TextTest" time="0.001">
    <system-out><![CDATA[Test pozytywny dla: aa234bb34sd
]]></system-out>
  </testcase>
  <testcase name="cont5DigTest1(String)[2]" classname="pwo.lab13.TextTest" time="0.003">
    <system-out><![CDATA[Test pozytywny dla: 1 2 3 4 5
]]></system-out>
  </testcase>
  <testcase name="cont5DigTest1(String)[3]" classname="pwo.lab13.TextTest" time="0">
    <system-out><![CDATA[Test pozytywny dla: xx12x12x1x
]]></system-out>
  </testcase>
  <testcase name="cont5DigTest2(String)[1]" classname="pwo.lab13.TextTest" time="0">
    <system-out><![CDATA[Test negatywny dla: aa23bb34sd
]]></system-out>
  </testcase>
  <testcase name="cont5DigTest2(String)[2]" classname="pwo.lab13.TextTest" time="0.002">
    <system-out><![CDATA[Test negatywny dla: 1 2 x 4 5
]]></system-out>
  </testcase>
  <testcase name="cont5DigTest2(String)[3]" classname="pwo.lab13.TextTest" time="0.001">
    <system-out><![CDATA[Test negatywny dla: xx1x12x1x
]]></system-out>
  </testcase>
  <testcase name="numberOfDigitsTest2(String)[1]" classname="pwo.lab13.TextTest" time="0.001">
    <system-out><![CDATA[(test negatywny) Liczba cyfr w: t33s4t=3
]]></system-out>
  </testcase>
</testsuite>